-------------------------------------------------------------------------------
Test set: examples.ExamplesTest
-------------------------------------------------------------------------------
Tests run: 4, Failures: 4, Errors: 0, Skipped: 0, Time elapsed: 3.741 s <<< FAILURE! - in examples.ExamplesTest
testAll[1][1]  Time elapsed: 1.598 s  <<< FAILURE!
org.opentest4j.AssertionFailedError: 
users.feature:29 - 
java.net.UnknownHostException: xt3hhbm2qrcghjywh4wwq7ph2m.appsync-api.us-east-1.amazonaws.com: Name or service not known

testAll[1][2]  Time elapsed: 0.038 s  <<< FAILURE!
org.opentest4j.AssertionFailedError: 
users.feature:50 - 
java.net.UnknownHostException: xt3hhbm2qrcghjywh4wwq7ph2m.appsync-api.us-east-1.amazonaws.com

testAll[1][3]  Time elapsed: 0.09 s  <<< FAILURE!
org.opentest4j.AssertionFailedError: 
users.feature:71 - 
java.net.UnknownHostException: xt3hhbm2qrcghjywh4wwq7ph2m.appsync-api.us-east-1.amazonaws.com

testAll[1][4]  Time elapsed: 0.289 s  <<< FAILURE!
org.opentest4j.AssertionFailedError: 
users.feature:96 - 
java.net.UnknownHostException: xt3hhbm2qrcghjywh4wwq7ph2m.appsync-api.us-east-1.amazonaws.com

