<?xml version="1.0" encoding="UTF-8"?>
<testsuite xmlns:xsi="http://www.w3.org/2001/XMLSchema-instance" xsi:noNamespaceSchemaLocation="https://maven.apache.org/surefire/maven-surefire-plugin/xsd/surefire-test-report.xsd" name="examples.ExamplesTest" time="3.741" tests="4" errors="0" skipped="0" failures="4">
  <properties>
[...]
</properties>
  <testcase name="testAll[1][1]" classname="examples.ExamplesTest" time="1.598">
    <failure message="users.feature:29 - &#10;java.net.UnknownHostException: xt3hhbm2qrcghjywh4wwq7ph2m.appsync-api.us-east-1.amazonaws.com: Name or service not known" type="org.opentest4j.AssertionFailedError">org.opentest4j.AssertionFailedError: 
users.feature:29 - 
java.net.UnknownHostException: xt3hhbm2qrcghjywh4wwq7ph2m.appsync-api.us-east-1.amazonaws.com: Name or service not known
</failure>
    <system-out><![CDATA[18:41:44.157 [main] INFO  com.intuit.karate - karate.env system property was:  
18:41:44.851 [main] DEBUG com.intuit.karate - request:
1 > POST https://xt3hhbm2qrcghjywh4wwq7ph2m.appsync-api.us-east-1.amazonaws.com/graphql
1 > Accept-Encoding: gzip,deflate
1 > Connection: Keep-Alive
1 > Content-Length: 61
1 > Content-Type: application/json; charset=UTF-8
1 > Host: xt3hhbm2qrcghjywh4wwq7ph2m.appsync-api.us-east-1.amazonaws.com
1 > User-Agent: Apache-HttpClient/4.5.12 (Java/1.8.0_282)
1 > X-API-KEY: da2-3zbudgxsfbc6rbo4egomsyrege
{"query":"{\nfiendsoffriends(personID: \"99\"){\ncity\n}\n}"}

18:41:45.280 [main] ERROR com.intuit.karate - java.net.UnknownHostException: xt3hhbm2qrcghjywh4wwq7ph2m.appsync-api.us-east-1.amazonaws.com: Name or service not known, http call failed after 429 milliseconds for URL: https://xt3hhbm2qrcghjywh4wwq7ph2m.appsync-api.us-east-1.amazonaws.com/graphql
18:41:45.281 [main] ERROR com.intuit.karate - http request failed: 
java.net.UnknownHostException: xt3hhbm2qrcghjywh4wwq7ph2m.appsync-api.us-east-1.amazonaws.com: Name or service not known
]]></system-out>
  </testcase>
  <testcase name="testAll[1][2]" classname="examples.ExamplesTest" time="0.038">
    <failure message="users.feature:50 - &#10;java.net.UnknownHostException: xt3hhbm2qrcghjywh4wwq7ph2m.appsync-api.us-east-1.amazonaws.com" type="org.opentest4j.AssertionFailedError">org.opentest4j.AssertionFailedError: 
users.feature:50 - 
java.net.UnknownHostException: xt3hhbm2qrcghjywh4wwq7ph2m.appsync-api.us-east-1.amazonaws.com
</failure>
    <system-out><![CDATA[18:41:45.348 [main] INFO  com.intuit.karate - karate.env system property was:  
18:41:45.356 [main] DEBUG com.intuit.karate - request:
1 > POST https://xt3hhbm2qrcghjywh4wwq7ph2m.appsync-api.us-east-1.amazonaws.com/graphql
1 > Accept-Encoding: gzip,deflate
1 > Connection: Keep-Alive
1 > Content-Length: 53
1 > Content-Type: application/json; charset=UTF-8
1 > Host: xt3hhbm2qrcghjywh4wwq7ph2m.appsync-api.us-east-1.amazonaws.com
1 > User-Agent: Apache-HttpClient/4.5.12 (Java/1.8.0_282)
1 > X-API-KEY: da2-3zbudgxsfbc6rbo4egomsyrege
{"query":"{\nfriends(personID: \"99\"){\ncity\n}\n}"}

18:41:45.358 [main] ERROR com.intuit.karate - java.net.UnknownHostException: xt3hhbm2qrcghjywh4wwq7ph2m.appsync-api.us-east-1.amazonaws.com, http call failed after 2 milliseconds for URL: https://xt3hhbm2qrcghjywh4wwq7ph2m.appsync-api.us-east-1.amazonaws.com/graphql
18:41:45.359 [main] ERROR com.intuit.karate - http request failed: 
java.net.UnknownHostException: xt3hhbm2qrcghjywh4wwq7ph2m.appsync-api.us-east-1.amazonaws.com
]]></system-out>
  </testcase>
  <testcase name="testAll[1][3]" classname="examples.ExamplesTest" time="0.09">
    <failure message="users.feature:71 - &#10;java.net.UnknownHostException: xt3hhbm2qrcghjywh4wwq7ph2m.appsync-api.us-east-1.amazonaws.com" type="org.opentest4j.AssertionFailedError">org.opentest4j.AssertionFailedError: 
users.feature:71 - 
java.net.UnknownHostException: xt3hhbm2qrcghjywh4wwq7ph2m.appsync-api.us-east-1.amazonaws.com
</failure>
    <system-out><![CDATA[18:41:45.379 [main] INFO  com.intuit.karate - karate.env system property was:  
18:41:45.393 [main] DEBUG com.intuit.karate - request:
1 > POST https://xt3hhbm2qrcghjywh4wwq7ph2m.appsync-api.us-east-1.amazonaws.com/graphql
1 > Accept-Encoding: gzip,deflate
1 > Connection: Keep-Alive
1 > Content-Length: 71
1 > Content-Type: application/json; charset=UTF-8
1 > Host: xt3hhbm2qrcghjywh4wwq7ph2m.appsync-api.us-east-1.amazonaws.com
1 > User-Agent: Apache-HttpClient/4.5.12 (Java/1.8.0_282)
1 > X-API-KEY: da2-3zbudgxsfbc6rbo4egomsyrege
{"query":"{\nuserAssociated(personID: \"99\", personIdTwo: \"77\")\n}"}

18:41:45.394 [main] ERROR com.intuit.karate - java.net.UnknownHostException: xt3hhbm2qrcghjywh4wwq7ph2m.appsync-api.us-east-1.amazonaws.com, http call failed after 0 milliseconds for URL: https://xt3hhbm2qrcghjywh4wwq7ph2m.appsync-api.us-east-1.amazonaws.com/graphql
18:41:45.394 [main] ERROR com.intuit.karate - http request failed: 
java.net.UnknownHostException: xt3hhbm2qrcghjywh4wwq7ph2m.appsync-api.us-east-1.amazonaws.com
]]></system-out>
  </testcase>
  <testcase name="testAll[1][4]" classname="examples.ExamplesTest" time="0.289">
    <failure message="users.feature:96 - &#10;java.net.UnknownHostException: xt3hhbm2qrcghjywh4wwq7ph2m.appsync-api.us-east-1.amazonaws.com" type="org.opentest4j.AssertionFailedError">org.opentest4j.AssertionFailedError: 
users.feature:96 - 
java.net.UnknownHostException: xt3hhbm2qrcghjywh4wwq7ph2m.appsync-api.us-east-1.amazonaws.com
</failure>
    <system-out><![CDATA[18:41:45.424 [main] INFO  com.intuit.karate - karate.env system property was:  
18:41:45.432 [main] DEBUG com.intuit.karate - request:
1 > POST https://xt3hhbm2qrcghjywh4wwq7ph2m.appsync-api.us-east-1.amazonaws.com/graphql
1 > Accept-Encoding: gzip,deflate
1 > Connection: Keep-Alive
1 > Content-Length: 138
1 > Content-Type: application/json; charset=UTF-8
1 > Host: xt3hhbm2qrcghjywh4wwq7ph2m.appsync-api.us-east-1.amazonaws.com
1 > User-Agent: Apache-HttpClient/4.5.12 (Java/1.8.0_282)
1 > X-API-KEY: da2-3zbudgxsfbc6rbo4egomsyrege
{"query":"{\n     latestReview(restaurantId: \"1234\") {\n    reviewId\n    rating\n    text\n    restaurantId\n    created_date\n  }\n}"}

18:41:45.434 [main] ERROR com.intuit.karate - java.net.UnknownHostException: xt3hhbm2qrcghjywh4wwq7ph2m.appsync-api.us-east-1.amazonaws.com, http call failed after 1 milliseconds for URL: https://xt3hhbm2qrcghjywh4wwq7ph2m.appsync-api.us-east-1.amazonaws.com/graphql
18:41:45.434 [main] ERROR com.intuit.karate - http request failed: 
java.net.UnknownHostException: xt3hhbm2qrcghjywh4wwq7ph2m.appsync-api.us-east-1.amazonaws.com
---------------------------------------------------------
feature: classpath:examples/users/users.feature
scenarios:  4 | passed:  0 | failed:  4 | time: 1.0451
---------------------------------------------------------
]]></system-out>
  </testcase>
</testsuite>